
init:
     [echo] -------- commons-lang3 3.2-SNAPSHOT --------

compile:

compile.tests:

update.all.tests:

mutation.test:
     [echo] Running mutation analysis ...
    [junit] MAJOR: Mutation analysis enabled
    [junit] MAJOR: ------------------------------------------------------------
    [junit] MAJOR: Run 1 ordered test to verify independence
    [junit] MAJOR: ------------------------------------------------------------
    [junit] MAJOR: Preprocessing time: 3.11 seconds
    [junit] MAJOR: ------------------------------------------------------------
    [junit] MAJOR: Mutants generated: 899
    [junit] MAJOR: Mutants covered:   0 (0.00%)
    [junit] MAJOR: ------------------------------------------------------------
    [junit] MAJOR: Export test map to testMap.csv
    [junit] MAJOR: ------------------------------------------------------------
    [junit] MAJOR: Run mutation analysis with 1 individual test
    [junit] MAJOR: ------------------------------------------------------------
    [junit] MAJOR: [1;34m1/1 - org.apache.commons.lang3.ArrayUtils_ESTest (2192ms / 0):[0m
    [junit] MAJOR: 0 (0 / 0 / 0) -> AVG-RTPM: 0ms
    [junit] MAJOR: Mutants killed / live: 0 (0-0-0) / 0
    [junit] MAJOR: ------------------------------------------------------------
    [junit] MAJOR: Summary:
    [junit] MAJOR: 
    [junit] MAJOR: Analysis time:  0.0 seconds
    [junit] MAJOR: Mutation score: 0.00% (0.00%)
    [junit] MAJOR: Mutants killed / live: 0 (0-0-0) / 0
    [junit] MAJOR: Mutant executions: 0
    [junit] MAJOR: ------------------------------------------------------------
    [junit] MAJOR: Export summary of results to summary.csv
    [junit] MAJOR: Export mutant kill details to /home/sepehr/test_generation/Lang1b/kill.csv

BUILD SUCCESSFUL
Total time: 3 seconds
